# JRE version: OpenJDK Runtime Environment Corretto-17.0.9.8.1 (17.0.9+8) (build 17.0.9+8-LTS)
# Java VM: OpenJDK 64-Bit Server VM Corretto-17.0.9.8.1 (17.0.9+8-LTS, mixed mode, sharing, tiered, compressed oops, compressed class ptrs, g1 gc, windows-amd64)
GC Precious Log:
 CPUs: 8 total, 8 available
 Memory: 16261M
 Large Page Support: Disabled
 NUMA Support: Disabled
 Compressed Oops: Enabled (Zero based)
 Heap Region Size: 2M
 Heap Min Capacity: 8M
 Heap Initial Capacity: 256M
 Heap Max Capacity: 4066M
 Pre-touch: Disabled
 Parallel Workers: 8
 Concurrent Workers: 2
 Concurrent Refinement Workers: 8
 Periodic GC: Disabled
Heap:
 garbage-first heap   total 536576K, used 132280K [0x0000000701e00000, 0x0000000800000000)
  region size 2048K, 2 young (4096K), 2 survivors (4096K)
 Metaspace       used 36372K, committed 37056K, reserved 1114112K
  class space    used 3856K, committed 4352K, reserved 1048576K
GC Heap History (20 events):
Event: 42.899 GC heap after
{Heap after GC invocations=23 (full 0):
 garbage-first heap   total 524288K, used 237512K [0x0000000701e00000, 0x0000000800000000)
  region size 2048K, 2 young (4096K), 2 survivors (4096K)
 Metaspace       used 44724K, committed 45376K, reserved 1114112K
  class space    used 4823K, committed 5120K, reserved 1048576K
}
Event: 43.288 GC heap before
{Heap before GC invocations=23 (full 0):
 garbage-first heap   total 524288K, used 264136K [0x0000000701e00000, 0x0000000800000000)
  region size 2048K, 10 young (20480K), 2 survivors (4096K)
 Metaspace       used 44730K, committed 45376K, reserved 1114112K
  class space    used 4823K, committed 5120K, reserved 1048576K
}
Event: 43.294 GC heap after
{Heap after GC invocations=24 (full 0):
 garbage-first heap   total 524288K, used 216896K [0x0000000701e00000, 0x0000000800000000)
  region size 2048K, 2 young (4096K), 2 survivors (4096K)
 Metaspace       used 44730K, committed 45376K, reserved 1114112K
  class space    used 4823K, committed 5120K, reserved 1048576K
}
Event: 45.515 GC heap before
{Heap before GC invocations=24 (full 0):
 garbage-first heap   total 524288K, used 411456K [0x0000000701e00000, 0x0000000800000000)
  region size 2048K, 97 young (198656K), 2 survivors (4096K)
 Metaspace       used 46561K, committed 47232K, reserved 1114112K
  class space    used 5026K, committed 5312K, reserved 1048576K
}
Event: 45.538 GC heap after
{Heap after GC invocations=25 (full 0):
 garbage-first heap   total 524288K, used 245213K [0x0000000701e00000, 0x0000000800000000)
  region size 2048K, 13 young (26624K), 13 survivors (26624K)
 Metaspace       used 46561K, committed 47232K, reserved 1114112K
  class space    used 5026K, committed 5312K, reserved 1048576K
}
Event: 46.807 GC heap before
{Heap before GC invocations=25 (full 0):
 garbage-first heap   total 524288K, used 359901K [0x0000000701e00000, 0x0000000800000000)
  region size 2048K, 66 young (135168K), 13 survivors (26624K)
 Metaspace       used 46762K, committed 47424K, reserved 1114112K
  class space    used 5036K, committed 5312K, reserved 1048576K
}
Event: 46.830 GC heap after
{Heap after GC invocations=26 (full 0):
 garbage-first heap   total 524288K, used 248528K [0x0000000701e00000, 0x0000000800000000)
  region size 2048K, 3 young (6144K), 3 survivors (6144K)
 Metaspace       used 46762K, committed 47424K, reserved 1114112K
  class space    used 5036K, committed 5312K, reserved 1048576K
}
Event: 49.141 GC heap before
{Heap before GC invocations=27 (full 0):
 garbage-first heap   total 524288K, used 441040K [0x0000000701e00000, 0x0000000800000000)
  region size 2048K, 88 young (180224K), 3 survivors (6144K)
 Metaspace       used 39443K, committed 40192K, reserved 1114112K
  class space    used 4219K, committed 4672K, reserved 1048576K
}
Event: 49.167 GC heap after
{Heap after GC invocations=28 (full 0):
 garbage-first heap   total 524288K, used 270293K [0x0000000701e00000, 0x0000000800000000)
  region size 2048K, 11 young (22528K), 11 survivors (22528K)
 Metaspace       used 39443K, committed 40192K, reserved 1114112K
  class space    used 4219K, committed 4672K, reserved 1048576K
}
Event: 49.183 GC heap before
{Heap before GC invocations=28 (full 0):
 garbage-first heap   total 524288K, used 272341K [0x0000000701e00000, 0x0000000800000000)
  region size 2048K, 12 young (24576K), 11 survivors (22528K)
 Metaspace       used 39457K, committed 40192K, reserved 1114112K
  class space    used 4220K, committed 4672K, reserved 1048576K
}
Event: 49.208 GC heap after
{Heap after GC invocations=29 (full 0):
 garbage-first heap   total 524288K, used 221742K [0x0000000701e00000, 0x0000000800000000)
  region size 2048K, 2 young (4096K), 2 survivors (4096K)
 Metaspace       used 39457K, committed 40192K, reserved 1114112K
  class space    used 4220K, committed 4672K, reserved 1048576K
}
Event: 49.303 GC heap before
{Heap before GC invocations=29 (full 0):
 garbage-first heap   total 524288K, used 240174K [0x0000000701e00000, 0x0000000800000000)
  region size 2048K, 12 young (24576K), 2 survivors (4096K)
 Metaspace       used 39477K, committed 40192K, reserved 1114112K
  class space    used 4220K, committed 4672K, reserved 1048576K
}
Event: 49.319 GC heap after
{Heap after GC invocations=30 (full 0):
 garbage-first heap   total 524288K, used 187117K [0x0000000701e00000, 0x0000000800000000)
  region size 2048K, 1 young (2048K), 1 survivors (2048K)
 Metaspace       used 39477K, committed 40192K, reserved 1114112K
  class space    used 4220K, committed 4672K, reserved 1048576K
}
Event: 50.031 GC heap before
{Heap before GC invocations=30 (full 0):
 garbage-first heap   total 524288K, used 217837K [0x0000000701e00000, 0x0000000800000000)
  region size 2048K, 17 young (34816K), 1 survivors (2048K)
 Metaspace       used 39975K, committed 40640K, reserved 1114112K
  class space    used 4266K, committed 4672K, reserved 1048576K
}
Event: 50.038 GC heap after
{Heap after GC invocations=31 (full 0):
 garbage-first heap   total 524288K, used 188632K [0x0000000701e00000, 0x0000000800000000)
  region size 2048K, 2 young (4096K), 2 survivors (4096K)
 Metaspace       used 39975K, committed 40640K, reserved 1114112K
  class space    used 4266K, committed 4672K, reserved 1048576K
}
Event: 53.028 GC heap before
{Heap before GC invocations=32 (full 0):
 garbage-first heap   total 536576K, used 493784K [0x0000000701e00000, 0x0000000800000000)
  region size 2048K, 101 young (206848K), 2 survivors (4096K)
 Metaspace       used 36360K, committed 37056K, reserved 1114112K
  class space    used 3855K, committed 4352K, reserved 1048576K
}
Event: 53.038 GC heap after
{Heap after GC invocations=33 (full 0):
 garbage-first heap   total 536576K, used 202845K [0x0000000701e00000, 0x0000000800000000)
  region size 2048K, 9 young (18432K), 9 survivors (18432K)
 Metaspace       used 36360K, committed 37056K, reserved 1114112K
  class space    used 3855K, committed 4352K, reserved 1048576K
}
Event: 53.122 GC heap before
{Heap before GC invocations=33 (full 0):
 garbage-first heap   total 536576K, used 211037K [0x0000000701e00000, 0x0000000800000000)
  region size 2048K, 13 young (26624K), 9 survivors (18432K)
 Metaspace       used 36372K, committed 37056K, reserved 1114112K
  class space    used 3856K, committed 4352K, reserved 1048576K
}
Event: 53.135 GC heap after
{Heap after GC invocations=34 (full 0):
 garbage-first heap   total 536576K, used 142998K [0x0000000701e00000, 0x0000000800000000)
  region size 2048K, 2 young (4096K), 2 survivors (4096K)
 Metaspace       used 36372K, committed 37056K, reserved 1114112K
  class space    used 3856K, committed 4352K, reserved 1048576K
}
Event: 53.337 GC heap before
{Heap before GC invocations=34 (full 0):
 garbage-first heap   total 536576K, used 165526K [0x0000000701e00000, 0x0000000800000000)
  region size 2048K, 13 young (26624K), 2 survivors (4096K)
 Metaspace       used 36372K, committed 37056K, reserved 1114112K
  class space    used 3856K, committed 4352K, reserved 1048576K
}

