# JRE version: OpenJDK Runtime Environment Corretto-17.0.9.8.1 (17.0.9+8) (build 17.0.9+8-LTS)
# Java VM: OpenJDK 64-Bit Server VM Corretto-17.0.9.8.1 (17.0.9+8-LTS, mixed mode, emulated-client, sharing, tiered, compressed oops, compressed class ptrs, g1 gc, windows-amd64)
GC Precious Log:
 CPUs: 8 total, 8 available
 Memory: 16261M
 Large Page Support: Disabled
 NUMA Support: Disabled
 Compressed Oops: Enabled (Zero based)
 Heap Region Size: 2M
 Heap Min Capacity: 8M
 Heap Initial Capacity: 256M
 Heap Max Capacity: 4066M
 Pre-touch: Disabled
 Parallel Workers: 8
 Concurrent Workers: 2
 Concurrent Refinement Workers: 8
 Periodic GC: Disabled
Heap:
 garbage-first heap   total 81920K, used 43131K [0x0000000701e00000, 0x0000000800000000)
  region size 2048K, 12 young (24576K), 2 survivors (4096K)
 Metaspace       used 37904K, committed 38272K, reserved 1114112K
  class space    used 5052K, committed 5248K, reserved 1048576K
GC Heap History (16 events):
Event: 1.911 GC heap before
{Heap before GC invocations=0 (full 0):
 garbage-first heap   total 262144K, used 24576K [0x0000000701e00000, 0x0000000800000000)
  region size 2048K, 11 young (22528K), 0 survivors (0K)
 Metaspace       used 5829K, committed 5952K, reserved 1114112K
  class space    used 702K, committed 768K, reserved 1048576K
}
Event: 1.922 GC heap after
{Heap after GC invocations=1 (full 0):
 garbage-first heap   total 262144K, used 14189K [0x0000000701e00000, 0x0000000800000000)
  region size 2048K, 2 young (4096K), 2 survivors (4096K)
 Metaspace       used 5829K, committed 5952K, reserved 1114112K
  class space    used 702K, committed 768K, reserved 1048576K
}
Event: 2.548 GC heap before
{Heap before GC invocations=1 (full 0):
 garbage-first heap   total 262144K, used 28525K [0x0000000701e00000, 0x0000000800000000)
  region size 2048K, 9 young (18432K), 2 survivors (4096K)
 Metaspace       used 9181K, committed 9344K, reserved 1114112K
  class space    used 1197K, committed 1280K, reserved 1048576K
}
Event: 2.555 GC heap after
{Heap after GC invocations=2 (full 0):
 garbage-first heap   total 262144K, used 15371K [0x0000000701e00000, 0x0000000800000000)
  region size 2048K, 1 young (2048K), 1 survivors (2048K)
 Metaspace       used 9181K, committed 9344K, reserved 1114112K
  class space    used 1197K, committed 1280K, reserved 1048576K
}
Event: 4.418 GC heap before
{Heap before GC invocations=2 (full 0):
 garbage-first heap   total 262144K, used 58379K [0x0000000701e00000, 0x0000000800000000)
  region size 2048K, 23 young (47104K), 1 survivors (2048K)
 Metaspace       used 18019K, committed 18368K, reserved 1114112K
  class space    used 2410K, committed 2560K, reserved 1048576K
}
Event: 4.426 GC heap after
{Heap after GC invocations=3 (full 0):
 garbage-first heap   total 262144K, used 17907K [0x0000000701e00000, 0x0000000800000000)
  region size 2048K, 2 young (4096K), 2 survivors (4096K)
 Metaspace       used 18019K, committed 18368K, reserved 1114112K
  class space    used 2410K, committed 2560K, reserved 1048576K
}
Event: 5.830 GC heap before
{Heap before GC invocations=3 (full 0):
 garbage-first heap   total 262144K, used 46579K [0x0000000701e00000, 0x0000000800000000)
  region size 2048K, 17 young (34816K), 2 survivors (4096K)
 Metaspace       used 21151K, committed 21504K, reserved 1114112K
  class space    used 2896K, committed 3072K, reserved 1048576K
}
Event: 5.839 GC heap after
{Heap after GC invocations=4 (full 0):
 garbage-first heap   total 262144K, used 19824K [0x0000000701e00000, 0x0000000800000000)
  region size 2048K, 3 young (6144K), 3 survivors (6144K)
 Metaspace       used 21151K, committed 21504K, reserved 1114112K
  class space    used 2896K, committed 3072K, reserved 1048576K
}
Event: 8.408 GC heap before
{Heap before GC invocations=5 (full 0):
 garbage-first heap   total 81920K, used 64880K [0x0000000701e00000, 0x0000000800000000)
  region size 2048K, 26 young (53248K), 3 survivors (6144K)
 Metaspace       used 30598K, committed 30912K, reserved 1114112K
  class space    used 4060K, committed 4224K, reserved 1048576K
}
Event: 8.423 GC heap after
{Heap after GC invocations=6 (full 0):
 garbage-first heap   total 81920K, used 21577K [0x0000000701e00000, 0x0000000800000000)
  region size 2048K, 4 young (8192K), 4 survivors (8192K)
 Metaspace       used 30598K, committed 30912K, reserved 1114112K
  class space    used 4060K, committed 4224K, reserved 1048576K
}
Event: 8.553 GC heap before
{Heap before GC invocations=6 (full 0):
 garbage-first heap   total 81920K, used 21577K [0x0000000701e00000, 0x0000000800000000)
  region size 2048K, 5 young (10240K), 4 survivors (8192K)
 Metaspace       used 31038K, committed 31424K, reserved 1114112K
  class space    used 4118K, committed 4288K, reserved 1048576K
}
Event: 8.572 GC heap after
{Heap after GC invocations=7 (full 0):
 garbage-first heap   total 81920K, used 22481K [0x0000000701e00000, 0x0000000800000000)
  region size 2048K, 1 young (2048K), 1 survivors (2048K)
 Metaspace       used 31038K, committed 31424K, reserved 1114112K
  class space    used 4118K, committed 4288K, reserved 1048576K
}
Event: 9.973 GC heap before
{Heap before GC invocations=7 (full 0):
 garbage-first heap   total 81920K, used 57297K [0x0000000701e00000, 0x0000000800000000)
  region size 2048K, 18 young (36864K), 1 survivors (2048K)
 Metaspace       used 34608K, committed 34944K, reserved 1114112K
  class space    used 4590K, committed 4736K, reserved 1048576K
}
Event: 9.987 GC heap after
{Heap after GC invocations=8 (full 0):
 garbage-first heap   total 81920K, used 24238K [0x0000000701e00000, 0x0000000800000000)
  region size 2048K, 2 young (4096K), 2 survivors (4096K)
 Metaspace       used 34608K, committed 34944K, reserved 1114112K
  class space    used 4590K, committed 4736K, reserved 1048576K
}
Event: 10.599 GC heap before
{Heap before GC invocations=8 (full 0):
 garbage-first heap   total 81920K, used 44718K [0x0000000701e00000, 0x0000000800000000)
  region size 2048K, 13 young (26624K), 2 survivors (4096K)
 Metaspace       used 35617K, committed 35968K, reserved 1114112K
  class space    used 4736K, committed 4928K, reserved 1048576K
}
Event: 10.614 GC heap after
{Heap after GC invocations=9 (full 0):
 garbage-first heap   total 81920K, used 24699K [0x0000000701e00000, 0x0000000800000000)
  region size 2048K, 2 young (4096K), 2 survivors (4096K)
 Metaspace       used 35617K, committed 35968K, reserved 1114112K
  class space    used 4736K, committed 4928K, reserved 1048576K
}

